{"uid":"1a165b32b546979d","name":"invalidRegWithLessThan4Password","fullName":"tests.RegistrationWithErrorsTest.invalidRegWithLessThan4Password","historyId":"7061e0a3101f3f89e922f1a2ab64a5a4","time":{"start":1682452163358,"stop":1682452163360,"duration":2},"status":"skipped","statusMessage":"Cannot invoke \"org.openqa.selenium.WebDriver.findElement(org.openqa.selenium.By)\" because \"this.driver\" is null","statusTrace":"java.lang.NullPointerException: Cannot invoke \"org.openqa.selenium.WebDriver.findElement(org.openqa.selenium.By)\" because \"this.driver\" is null\r\n\tat base.PageBase.clickButton(PageBase.java:35)\r\n\tat pages.HomePage.clickOnMyAccountButton(HomePage.java:30)\r\n\tat base.TestBase.xft(TestBase.java:70)\r\n\tat java.base/jdk.internal.reflect.DirectMethodHandleAccessor.invoke(DirectMethodHandleAccessor.java:104)\r\n\tat java.base/java.lang.reflect.Method.invoke(Method.java:577)\r\n\tat org.testng.internal.invokers.MethodInvocationHelper.invokeMethod(MethodInvocationHelper.java:139)\r\n\tat org.testng.internal.invokers.MethodInvocationHelper.invokeMethodConsideringTimeout(MethodInvocationHelper.java:69)\r\n\tat org.testng.internal.invokers.ConfigInvoker.invokeConfigurationMethod(ConfigInvoker.java:361)\r\n\tat org.testng.internal.invokers.ConfigInvoker.invokeConfigurations(ConfigInvoker.java:296)\r\n\tat org.testng.TestRunner.invokeTestConfigurations(TestRunner.java:644)\r\n\tat org.testng.TestRunner.beforeRun(TestRunner.java:633)\r\n\tat org.testng.TestRunner.run(TestRunner.java:595)\r\n\tat org.testng.SuiteRunner.runTest(SuiteRunner.java:437)\r\n\tat org.testng.SuiteRunner.runSequentially(SuiteRunner.java:431)\r\n\tat org.testng.SuiteRunner.privateRun(SuiteRunner.java:391)\r\n\tat org.testng.SuiteRunner.run(SuiteRunner.java:330)\r\n\tat org.testng.SuiteRunnerWorker.runSuite(SuiteRunnerWorker.java:52)\r\n\tat org.testng.SuiteRunnerWorker.run(SuiteRunnerWorker.java:95)\r\n\tat org.testng.TestNG.runSuitesSequentially(TestNG.java:1256)\r\n\tat org.testng.TestNG.runSuitesLocally(TestNG.java:1176)\r\n\tat org.testng.TestNG.runSuites(TestNG.java:1099)\r\n\tat org.testng.TestNG.run(TestNG.java:1067)\r\n\tat com.intellij.rt.testng.IDEARemoteTestNG.run(IDEARemoteTestNG.java:66)\r\n\tat com.intellij.rt.testng.RemoteTestNGStarter.main(RemoteTestNGStarter.java:109)\r\n","flaky":false,"newFailed":false,"newBroken":false,"newPassed":false,"retriesCount":0,"retriesStatusChange":false,"beforeStages":[{"name":"xft","time":{"start":1682452162214,"stop":1682452162753,"duration":539},"description":"","status":"broken","statusMessage":"Cannot invoke \"org.openqa.selenium.WebDriver.findElement(org.openqa.selenium.By)\" because \"this.driver\" is null","statusTrace":"java.lang.NullPointerException: Cannot invoke \"org.openqa.selenium.WebDriver.findElement(org.openqa.selenium.By)\" because \"this.driver\" is null\r\n\tat base.PageBase.clickButton(PageBase.java:35)\r\n\tat pages.HomePage.clickOnMyAccountButton(HomePage.java:30)\r\n\tat base.TestBase.xft(TestBase.java:70)\r\n\tat java.base/jdk.internal.reflect.DirectMethodHandleAccessor.invoke(DirectMethodHandleAccessor.java:104)\r\n\tat java.base/java.lang.reflect.Method.invoke(Method.java:577)\r\n\tat org.testng.internal.invokers.MethodInvocationHelper.invokeMethod(MethodInvocationHelper.java:139)\r\n\tat org.testng.internal.invokers.MethodInvocationHelper.invokeMethodConsideringTimeout(MethodInvocationHelper.java:69)\r\n\tat org.testng.internal.invokers.ConfigInvoker.invokeConfigurationMethod(ConfigInvoker.java:361)\r\n\tat org.testng.internal.invokers.ConfigInvoker.invokeConfigurations(ConfigInvoker.java:296)\r\n\tat org.testng.TestRunner.invokeTestConfigurations(TestRunner.java:644)\r\n\tat org.testng.TestRunner.beforeRun(TestRunner.java:633)\r\n\tat org.testng.TestRunner.run(TestRunner.java:595)\r\n\tat org.testng.SuiteRunner.runTest(SuiteRunner.java:437)\r\n\tat org.testng.SuiteRunner.runSequentially(SuiteRunner.java:431)\r\n\tat org.testng.SuiteRunner.privateRun(SuiteRunner.java:391)\r\n\tat org.testng.SuiteRunner.run(SuiteRunner.java:330)\r\n\tat org.testng.SuiteRunnerWorker.runSuite(SuiteRunnerWorker.java:52)\r\n\tat org.testng.SuiteRunnerWorker.run(SuiteRunnerWorker.java:95)\r\n\tat org.testng.TestNG.runSuitesSequentially(TestNG.java:1256)\r\n\tat org.testng.TestNG.runSuitesLocally(TestNG.java:1176)\r\n\tat org.testng.TestNG.runSuites(TestNG.java:1099)\r\n\tat org.testng.TestNG.run(TestNG.java:1067)\r\n\tat com.intellij.rt.testng.IDEARemoteTestNG.run(IDEARemoteTestNG.java:66)\r\n\tat com.intellij.rt.testng.RemoteTestNGStarter.main(RemoteTestNGStarter.java:109)\r\n","steps":[],"attachments":[],"parameters":[],"shouldDisplayMessage":true,"attachmentsCount":0,"hasContent":true,"stepsCount":0},{"name":"startDriver","time":{"start":1682452163222,"stop":1682452163222,"duration":0},"description":"","status":"broken","steps":[],"attachments":[],"parameters":[],"shouldDisplayMessage":false,"attachmentsCount":0,"hasContent":false,"stepsCount":0},{"name":"beforeTest","time":{"start":1682452163350,"stop":1682452163350,"duration":0},"description":"","status":"broken","steps":[],"attachments":[],"parameters":[],"shouldDisplayMessage":false,"attachmentsCount":0,"hasContent":false,"stepsCount":0}],"afterStages":[{"name":"screenShotOnFailure","time":{"start":1682452163366,"stop":1682452163366,"duration":0},"description":"","status":"broken","steps":[],"attachments":[],"parameters":[],"shouldDisplayMessage":false,"attachmentsCount":0,"hasContent":false,"stepsCount":0},{"name":"closeDriver","time":{"start":1682452163374,"stop":1682452163374,"duration":0},"description":"","status":"broken","steps":[],"attachments":[],"parameters":[],"shouldDisplayMessage":false,"attachmentsCount":0,"hasContent":false,"stepsCount":0}],"labels":[{"name":"package","value":"tests.RegistrationWithErrorsTest"},{"name":"testClass","value":"tests.RegistrationWithErrorsTest"},{"name":"testMethod","value":"invalidRegWithLessThan4Password"},{"name":"parentSuite","value":"Regression suite for open cart project on Test Environment"},{"name":"suite","value":"Regression Test"},{"name":"subSuite","value":"tests.RegistrationWithErrorsTest"},{"name":"host","value":"LAPTOP-4S4FFT98"},{"name":"thread","value":"10452@LAPTOP-4S4FFT98.main(1)"},{"name":"framework","value":"testng"},{"name":"language","value":"java"},{"name":"resultFormat","value":"allure2"}],"parameters":[],"links":[],"hidden":true,"retry":true,"extra":{"categories":[],"tags":[]},"source":"1a165b32b546979d.json","parameterValues":[]}