{"uid":"6b8e50bb50ef137c","name":"startDriver","fullName":"base.TestBase.startDriver","historyId":"bb377a8b59df46abbe91b52652c96065","time":{"start":1682427704191,"stop":1682427704194,"duration":3},"status":"broken","statusMessage":"Cannot invoke \"org.testng.ITestResult.getTestClass()\" because \"base.TestBase.result\" is null","statusTrace":"java.lang.NullPointerException: Cannot invoke \"org.testng.ITestResult.getTestClass()\" because \"base.TestBase.result\" is null\r\n\tat base.TestBase.startDriver(TestBase.java:45)\r\n\tat java.base/jdk.internal.reflect.DirectMethodHandleAccessor.invoke(DirectMethodHandleAccessor.java:104)\r\n\tat java.base/java.lang.reflect.Method.invoke(Method.java:577)\r\n\tat org.testng.internal.invokers.MethodInvocationHelper.invokeMethod(MethodInvocationHelper.java:139)\r\n\tat org.testng.internal.invokers.MethodInvocationHelper.invokeMethodConsideringTimeout(MethodInvocationHelper.java:69)\r\n\tat org.testng.internal.invokers.ConfigInvoker.invokeConfigurationMethod(ConfigInvoker.java:361)\r\n\tat org.testng.internal.invokers.ConfigInvoker.invokeConfigurations(ConfigInvoker.java:296)\r\n\tat org.testng.internal.invokers.TestMethodWorker.invokeBeforeClassMethods(TestMethodWorker.java:180)\r\n\tat org.testng.internal.invokers.TestMethodWorker.run(TestMethodWorker.java:122)\r\n\tat java.base/java.util.ArrayList.forEach(ArrayList.java:1511)\r\n\tat org.testng.TestRunner.privateRun(TestRunner.java:829)\r\n\tat org.testng.TestRunner.run(TestRunner.java:602)\r\n\tat org.testng.SuiteRunner.runTest(SuiteRunner.java:437)\r\n\tat org.testng.SuiteRunner.runSequentially(SuiteRunner.java:431)\r\n\tat org.testng.SuiteRunner.privateRun(SuiteRunner.java:391)\r\n\tat org.testng.SuiteRunner.run(SuiteRunner.java:330)\r\n\tat org.testng.SuiteRunnerWorker.runSuite(SuiteRunnerWorker.java:52)\r\n\tat org.testng.SuiteRunnerWorker.run(SuiteRunnerWorker.java:95)\r\n\tat org.testng.TestNG.runSuitesSequentially(TestNG.java:1256)\r\n\tat org.testng.TestNG.runSuitesLocally(TestNG.java:1176)\r\n\tat org.testng.TestNG.runSuites(TestNG.java:1099)\r\n\tat org.testng.TestNG.run(TestNG.java:1067)\r\n\tat com.intellij.rt.testng.IDEARemoteTestNG.run(IDEARemoteTestNG.java:66)\r\n\tat com.intellij.rt.testng.RemoteTestNGStarter.main(RemoteTestNGStarter.java:109)\r\n","flaky":false,"newFailed":false,"newBroken":false,"newPassed":false,"retriesCount":16,"retriesStatusChange":false,"beforeStages":[{"name":"startDriver","time":{"start":1682427704107,"stop":1682427704116,"duration":9},"description":"","status":"broken","statusMessage":"Cannot invoke \"org.testng.ITestResult.getTestClass()\" because \"base.TestBase.result\" is null","statusTrace":"java.lang.NullPointerException: Cannot invoke \"org.testng.ITestResult.getTestClass()\" because \"base.TestBase.result\" is null\r\n\tat base.TestBase.startDriver(TestBase.java:45)\r\n\tat java.base/jdk.internal.reflect.DirectMethodHandleAccessor.invoke(DirectMethodHandleAccessor.java:104)\r\n\tat java.base/java.lang.reflect.Method.invoke(Method.java:577)\r\n\tat org.testng.internal.invokers.MethodInvocationHelper.invokeMethod(MethodInvocationHelper.java:139)\r\n\tat org.testng.internal.invokers.MethodInvocationHelper.invokeMethodConsideringTimeout(MethodInvocationHelper.java:69)\r\n\tat org.testng.internal.invokers.ConfigInvoker.invokeConfigurationMethod(ConfigInvoker.java:361)\r\n\tat org.testng.internal.invokers.ConfigInvoker.invokeConfigurations(ConfigInvoker.java:296)\r\n\tat org.testng.internal.invokers.TestMethodWorker.invokeBeforeClassMethods(TestMethodWorker.java:180)\r\n\tat org.testng.internal.invokers.TestMethodWorker.run(TestMethodWorker.java:122)\r\n\tat java.base/java.util.ArrayList.forEach(ArrayList.java:1511)\r\n\tat org.testng.TestRunner.privateRun(TestRunner.java:829)\r\n\tat org.testng.TestRunner.run(TestRunner.java:602)\r\n\tat org.testng.SuiteRunner.runTest(SuiteRunner.java:437)\r\n\tat org.testng.SuiteRunner.runSequentially(SuiteRunner.java:431)\r\n\tat org.testng.SuiteRunner.privateRun(SuiteRunner.java:391)\r\n\tat org.testng.SuiteRunner.run(SuiteRunner.java:330)\r\n\tat org.testng.SuiteRunnerWorker.runSuite(SuiteRunnerWorker.java:52)\r\n\tat org.testng.SuiteRunnerWorker.run(SuiteRunnerWorker.java:95)\r\n\tat org.testng.TestNG.runSuitesSequentially(TestNG.java:1256)\r\n\tat org.testng.TestNG.runSuitesLocally(TestNG.java:1176)\r\n\tat org.testng.TestNG.runSuites(TestNG.java:1099)\r\n\tat org.testng.TestNG.run(TestNG.java:1067)\r\n\tat com.intellij.rt.testng.IDEARemoteTestNG.run(IDEARemoteTestNG.java:66)\r\n\tat com.intellij.rt.testng.RemoteTestNGStarter.main(RemoteTestNGStarter.java:109)\r\n","steps":[],"attachments":[],"parameters":[],"shouldDisplayMessage":true,"attachmentsCount":0,"hasContent":true,"stepsCount":0}],"afterStages":[{"name":"closeDriver","time":{"start":1682427704317,"stop":1682427704317,"duration":0},"description":"","status":"broken","steps":[],"attachments":[],"parameters":[],"shouldDisplayMessage":false,"attachmentsCount":0,"hasContent":false,"stepsCount":0}],"labels":[{"name":"package","value":"tests.RegistrationWithoutErrorsTest"},{"name":"testClass","value":"tests.RegistrationWithoutErrorsTest"},{"name":"testMethod","value":"startDriver"},{"name":"parentSuite","value":"Regression suite for open cart project on Test Environment"},{"name":"suite","value":"Regression Test"},{"name":"subSuite","value":"tests.RegistrationWithoutErrorsTest"},{"name":"host","value":"LAPTOP-4S4FFT98"},{"name":"thread","value":"16040@LAPTOP-4S4FFT98.main(1)"},{"name":"framework","value":"testng"},{"name":"language","value":"java"},{"name":"AS_ID","value":"-1"},{"name":"resultFormat","value":"allure2"}],"parameters":[],"links":[],"hidden":false,"retry":false,"extra":{"severity":"normal","retries":[{"uid":"b92b724b7a80c355","status":"broken","statusDetails":"\nCan inject only one of <ITestContext, XmlTest> into a @BeforeClass annotated startDriver.\nFor more information on native dependency injection please refer to https://testng.org/doc/documentation-main.html#native-dependency-injection","time":{"start":1682426614147,"stop":1682426614151,"duration":4}},{"uid":"cfcc470987ac721","status":"broken","statusDetails":"\nCan inject only one of <ITestContext, XmlTest> into a @BeforeClass annotated startDriver.\nFor more information on native dependency injection please refer to https://testng.org/doc/documentation-main.html#native-dependency-injection","time":{"start":1682425889221,"stop":1682425889227,"duration":6}},{"uid":"a8ac322f194f6eb3","status":"broken","statusDetails":"Cannot invoke \"String.equalsIgnoreCase(String)\" because \"base.TestBase.browserType\" is null","time":{"start":1681341737188,"stop":1681341737191,"duration":3}},{"uid":"7797f9109bf3cde1","status":"broken","statusDetails":"Cannot invoke \"String.equalsIgnoreCase(String)\" because \"base.TestBase.browserType\" is null","time":{"start":1681341507587,"stop":1681341507589,"duration":2}},{"uid":"713d0627794d69ae","status":"broken","statusDetails":"Cannot invoke \"String.equalsIgnoreCase(String)\" because \"base.TestBase.browserType\" is null","time":{"start":1681340657975,"stop":1681340657977,"duration":2}},{"uid":"dd130cc44816160","status":"broken","statusDetails":"Cannot invoke \"String.equalsIgnoreCase(String)\" because \"base.TestBase.browserType\" is null","time":{"start":1681340572594,"stop":1681340572597,"duration":3}},{"uid":"2cb3359557ae4cd6","status":"broken","statusDetails":"Cannot invoke \"org.openqa.selenium.WebDriver.navigate()\" because \"base.TestBase.driver\" is null","time":{"start":1681340449844,"stop":1681340449846,"duration":2}},{"uid":"a02c3517babad8d9","status":"broken","statusDetails":"Cannot invoke \"String.equalsIgnoreCase(String)\" because \"base.TestBase.browserType\" is null","time":{"start":1681340363687,"stop":1681340363690,"duration":3}},{"uid":"28654a7b9054fd4b","status":"broken","statusDetails":"Cannot invoke \"String.equalsIgnoreCase(String)\" because \"base.TestBase.browserType\" is null","time":{"start":1681340313527,"stop":1681340313529,"duration":2}},{"uid":"76296b8bee4bd89e","status":"broken","statusDetails":"Cannot invoke \"String.equalsIgnoreCase(String)\" because \"base.TestBase.browserType\" is null","time":{"start":1681340255635,"stop":1681340255638,"duration":3}},{"uid":"8441e22c467ce71a","status":"broken","statusDetails":"Cannot invoke \"String.equalsIgnoreCase(String)\" because \"base.TestBase.browserType\" is null","time":{"start":1681340135612,"stop":1681340135615,"duration":3}},{"uid":"f526ac56081ddba4","status":"broken","statusDetails":"Cannot invoke \"String.equalsIgnoreCase(String)\" because \"base.TestBase.browserType\" is null","time":{"start":1681339996666,"stop":1681339996671,"duration":5}},{"uid":"3ce12aa85dd5c37","status":"broken","statusDetails":"Cannot invoke \"String.equalsIgnoreCase(String)\" because \"base.TestBase.browserType\" is null","time":{"start":1681339606387,"stop":1681339606389,"duration":2}},{"uid":"79a3e3720151ee00","status":"broken","statusDetails":"\nParameter 'browser' is required by BeforeClass on method startDriver but has not been marked @Optional or defined\nin C:\\Users\\yomna\\AppData\\Local\\JetBrains\\IdeaIC2021.2\\temp-testng-customsuite.xml","time":{"start":1681163414649,"stop":1681163414655,"duration":6}},{"uid":"127f514e68bc1d4b","status":"broken","statusDetails":"\nParameter 'browser' is required by BeforeClass on method startDriver but has not been marked @Optional or defined\nin C:\\Users\\yomna\\AppData\\Local\\JetBrains\\IdeaIC2021.2\\temp-testng-customsuite.xml","time":{"start":1681163383991,"stop":1681163383999,"duration":8}},{"uid":"97fe990f9b33d869","status":"broken","statusDetails":"\nParameter 'browser' is required by BeforeClass on method startDriver but has not been marked @Optional or defined\nin C:\\Users\\yomna\\AppData\\Local\\JetBrains\\IdeaIC2021.2\\temp-testng-customsuite.xml","time":{"start":1681163287478,"stop":1681163287484,"duration":6}}],"categories":[{"name":"Test defects","matchedStatuses":[],"flaky":false}],"tags":[]},"source":"6b8e50bb50ef137c.json","parameterValues":[]}